Reading model...
...model read.
creating competitive generators file...
...competitive generators recorded.
Loading data...
..data read.
Compiling instance...
...instance created.
Solving...

Welcome to IBM(R) ILOG(R) CPLEX(R) Interactive Optimizer 12.10.0.0
  with Simplex, Mixed Integer & Barrier Optimizers
5725-A06 5725-A29 5724-Y48 5724-Y49 5724-Y54 5724-Y55 5655-Y21
Copyright IBM Corp. 1988, 2019.  All Rights Reserved.

Type 'help' for a list of available commands.
Type 'help' followed by a command name for more
information on commands.

CPLEX> Logfile 'cplex.log' closed.
Logfile 'C:\Users\wenmi\Desktop\competitiveMPEC\logs\tmp1nykwll1.cplex.log' open.
CPLEX> Problem 'C:\Users\wenmi\Desktop\competitiveMPEC\logs\tmpo9vvwsfi.pyomo.lp' read.
Read time = 0.06 sec. (5.08 ticks)
CPLEX> Problem name         : C:\Users\wenmi\Desktop\competitiveMPEC\logs\tmpo9vvwsfi.pyomo.lp
Objective sense      : Minimize
Variables            :   44098  [Nneg: 1,  Box: 36945,  Free: 7152]
Objective nonzeros   :    2496
Linear constraints   :   46551  [Less: 26529,  Greater: 8064,  Equal: 11958]
  Nonzeros           :  155586
  RHS nonzeros       :   12091

Variables            : Min LB: -1000.000        Max UB: 1000.000       
Objective nonzeros   : Min   : 15.73158         Max   : 124.0997       
Linear constraints   :
  Nonzeros           : Min   : 0.1000000        Max   : 60350.00       
  RHS nonzeros       : Min   : 0.1000000        Max   : 2500.000       
CPLEX> Version identifier: 12.10.0.0 | 2019-11-26 | 843d4de2ae
Parallel mode: deterministic, using up to 16 threads for concurrent optimization:
 * Starting dual Simplex on 1 thread...
 * Starting Barrier on 14 threads...
 * Starting primal Simplex on 1 thread...
Tried aggregator 1 time.
LP Presolve eliminated 36072 rows and 30588 columns.
Aggregator did 947 substitutions.
Reduced LP has 9532 rows, 12563 columns, and 38208 nonzeros.
Presolve time = 0.06 sec. (44.82 ticks)
Symmetry aggregator did 13460 additional substitutions.
Initializing dual steep norms . . .

Iteration log . . .
Iteration:     1   Dual objective     =             0.000000
Perturbation started.
Iteration:   101   Dual objective     =             0.000000
Iteration:   310   Dual objective     =             0.050959
Iteration:   508   Dual objective     =         18559.403944
Iteration:   696   Dual objective     =         27686.560744
Iteration:   886   Dual objective     =         92387.122001
Removing perturbation.

Dual crossover.
  Dual:  Fixing 59 variables.
       58 DMoves:  Infeasibility  8.42866529e-05  Objective  1.34850282e+05
        0 DMoves:  Infeasibility  1.78100258e-19  Objective  1.34850284e+05
  Dual:  Pushed 58, exchanged 1.
  Primal:  Fixing 1260 variables.
     1259 PMoves:  Infeasibility  1.19715051e+03  Objective  1.34850284e+05
        0 PMoves:  Infeasibility  1.54844270e+03  Objective  1.34850284e+05
  Primal:  Pushed 1239, exchanged 21.
Iteration:  1117   Dual objective     =        141974.844720
Iteration:  1134   Dual objective     =      -1046115.378429

Dual simplex solved model.


Dual simplex - Infeasible:  Objective =  6.8969228472e+05
Solution time =    0.14 sec.  Iterations = 1564 (0)
Infeasible variable = x11093
Deterministic time = 142.14 ticks  (1015.28 ticks/sec)

CPLEX> Solution written to file 'C:\Users\wenmi\Desktop\competitiveMPEC\logs\tmp0abal21e.cplex.sol'.
CPLEX> Exporting results... 
ERROR exporting segmented generator offers! Check export_generator_segment_offer().
Traceback (most recent call last):
  File "C:\Program Files\anaconda3\lib\site-packages\pyomo\core\kernel\component_map.py", line 100, in __getitem__
    return self._dict[id(obj)][1]
KeyError: 1879173880328

During handling of the above exception, another exception occurred:

Traceback (most recent call last):
  File "c:\Users\wenmi\Desktop\competitiveMPEC\write_results_competitive.py", line 82, in export_results
    is_MPEC,
  File "c:\Users\wenmi\Desktop\competitiveMPEC\write_results_competitive.py", line 286, in export_generator_segment_offer
    instance.LoadConstraint[t, instance.zonelabel[g]]
  File "C:\Program Files\anaconda3\lib\site-packages\pyomo\core\kernel\component_map.py", line 103, in __getitem__
    % (id(obj), str(obj)))
KeyError: "Component with id '1879173880328': LoadConstraint[1,301]"


           Launching Python debugger (PDB)...
           To execute multi-line statements in PDB, type this:
                import code; code.interact(local=vars())
           (The command launches an interactive Python session with all the local variables available.)
           To exit the interactive session and continue script execution, press Ctrl+D.
           
> c:\program files\anaconda3\lib\site-packages\pyomo\core\kernel\component_map.py(103)__getitem__()
-> % (id(obj), str(obj)))
(Pdb) *** SyntaxError: invalid syntax
(Pdb) 